ERROR - 2023-10-09 03:35:45 --> mysqli_sql_exception: Unknown column 'id' in 'where clause' in C:\Users\hp\Desktop\PROYECTOS PHP\api-noticias\system\Database\MySQLi\Connection.php:306
Stack trace:
#0 C:\Users\hp\Desktop\PROYECTOS PHP\api-noticias\system\Database\MySQLi\Connection.php(306): mysqli->query('SELECT *\nFROM `...', 0)
#1 C:\Users\hp\Desktop\PROYECTOS PHP\api-noticias\system\Database\BaseConnection.php(692): CodeIgniter\Database\MySQLi\Connection->execute('SELECT *\nFROM `...')
#2 C:\Users\hp\Desktop\PROYECTOS PHP\api-noticias\system\Database\BaseConnection.php(606): CodeIgniter\Database\BaseConnection->simpleQuery('SELECT *\nFROM `...')
#3 C:\Users\hp\Desktop\PROYECTOS PHP\api-noticias\system\Database\BaseBuilder.php(1748): CodeIgniter\Database\BaseConnection->query('SELECT *\nFROM `...', Array, false)
#4 C:\Users\hp\Desktop\PROYECTOS PHP\api-noticias\system\Model.php(871): CodeIgniter\Database\BaseBuilder->getWhere(Array)
#5 C:\Users\hp\Desktop\PROYECTOS PHP\api-noticias\app\Controllers\ControladorNoticia.php(30): CodeIgniter\Model->__call('getWhere', Array)
#6 C:\Users\hp\Desktop\PROYECTOS PHP\api-noticias\system\CodeIgniter.php(919): App\Controllers\ControladorNoticia->show('10')
#7 C:\Users\hp\Desktop\PROYECTOS PHP\api-noticias\system\CodeIgniter.php(494): CodeIgniter\CodeIgniter->runController(Object(App\Controllers\ControladorNoticia))
#8 C:\Users\hp\Desktop\PROYECTOS PHP\api-noticias\system\CodeIgniter.php(353): CodeIgniter\CodeIgniter->handleRequest(NULL, Object(Config\Cache), false)
#9 C:\Users\hp\Desktop\PROYECTOS PHP\api-noticias\public\index.php(79): CodeIgniter\CodeIgniter->run()
#10 C:\Users\hp\Desktop\PROYECTOS PHP\api-noticias\system\Commands\Server\rewrite.php(47): require_once('C:\\Users\\hp\\Des...')
#11 {main}
CRITICAL - 2023-10-09 03:35:45 --> Unknown column 'id' in 'where clause'
in SYSTEMPATH\Database\BaseConnection.php on line 646.
 1 SYSTEMPATH\Database\BaseBuilder.php(1748): CodeIgniter\Database\BaseConnection->query('SELECT *
FROM `noticias`
WHERE `id` = :id:', [...], false)
 2 SYSTEMPATH\Model.php(871): CodeIgniter\Database\BaseBuilder->getWhere([...])
 3 APPPATH\Controllers\ControladorNoticia.php(30): CodeIgniter\Model->__call('getWhere', [...])
 4 SYSTEMPATH\CodeIgniter.php(919): App\Controllers\ControladorNoticia->show('10')
 5 SYSTEMPATH\CodeIgniter.php(494): CodeIgniter\CodeIgniter->runController(Object(App\Controllers\ControladorNoticia))
 6 SYSTEMPATH\CodeIgniter.php(353): CodeIgniter\CodeIgniter->handleRequest(null, Object(Config\Cache), false)
 7 FCPATH\index.php(79): CodeIgniter\CodeIgniter->run()
 8 SYSTEMPATH\Commands\Server\rewrite.php(47): require_once('C:\\Users\\hp\\Desktop\\PROYECTOS PHP\\api-noticias\\public\\index.php')
ERROR - 2023-10-09 03:46:49 --> mysqli_sql_exception: Cannot add or update a child row: a foreign key constraint fails (`noticias`.`noticias`, CONSTRAINT `noticias_FK` FOREIGN KEY (`categoria`) REFERENCES `categorias` (`id_categoria`)) in C:\Users\hp\Desktop\PROYECTOS PHP\api-noticias\system\Database\MySQLi\Connection.php:306
Stack trace:
#0 C:\Users\hp\Desktop\PROYECTOS PHP\api-noticias\system\Database\MySQLi\Connection.php(306): mysqli->query('UPDATE `noticia...', 0)
#1 C:\Users\hp\Desktop\PROYECTOS PHP\api-noticias\system\Database\BaseConnection.php(692): CodeIgniter\Database\MySQLi\Connection->execute('UPDATE `noticia...')
#2 C:\Users\hp\Desktop\PROYECTOS PHP\api-noticias\system\Database\BaseConnection.php(606): CodeIgniter\Database\BaseConnection->simpleQuery('UPDATE `noticia...')
#3 C:\Users\hp\Desktop\PROYECTOS PHP\api-noticias\system\Database\BaseBuilder.php(2475): CodeIgniter\Database\BaseConnection->query('UPDATE `noticia...', Array, false)
#4 C:\Users\hp\Desktop\PROYECTOS PHP\api-noticias\system\Model.php(385): CodeIgniter\Database\BaseBuilder->update()
#5 C:\Users\hp\Desktop\PROYECTOS PHP\api-noticias\system\BaseModel.php(949): CodeIgniter\Model->doUpdate(Array, Array)
#6 C:\Users\hp\Desktop\PROYECTOS PHP\api-noticias\system\Model.php(776): CodeIgniter\BaseModel->update(Array, Array)
#7 C:\Users\hp\Desktop\PROYECTOS PHP\api-noticias\app\Controllers\ControladorNoticia.php(111): CodeIgniter\Model->update('3', Array)
#8 C:\Users\hp\Desktop\PROYECTOS PHP\api-noticias\system\CodeIgniter.php(919): App\Controllers\ControladorNoticia->update('3')
#9 C:\Users\hp\Desktop\PROYECTOS PHP\api-noticias\system\CodeIgniter.php(494): CodeIgniter\CodeIgniter->runController(Object(App\Controllers\ControladorNoticia))
#10 C:\Users\hp\Desktop\PROYECTOS PHP\api-noticias\system\CodeIgniter.php(353): CodeIgniter\CodeIgniter->handleRequest(NULL, Object(Config\Cache), false)
#11 C:\Users\hp\Desktop\PROYECTOS PHP\api-noticias\public\index.php(79): CodeIgniter\CodeIgniter->run()
#12 C:\Users\hp\Desktop\PROYECTOS PHP\api-noticias\system\Commands\Server\rewrite.php(47): require_once('C:\\Users\\hp\\Des...')
#13 {main}
CRITICAL - 2023-10-09 03:46:49 --> Cannot add or update a child row: a foreign key constraint fails (`noticias`.`noticias`, CONSTRAINT `noticias_FK` FOREIGN KEY (`categoria`) REFERENCES `categorias` (`id_categoria`))
in SYSTEMPATH\Database\BaseConnection.php on line 646.
 1 SYSTEMPATH\Database\BaseBuilder.php(2475): CodeIgniter\Database\BaseConnection->query('UPDATE `noticias` SET `titulo` = :titulo:, `descripcion` = :descripcion:, `autor` = :autor:, `categoria` = :categoria:, `fecha_publicacion` = :fecha_publicacion:, `enlace_imagen` = :enlace_imagen:, `enlace_noticia` = :enlace_noticia:, `etiquetas` = :etiquetas:
WHERE `noticias`.`id_noticia` IN :noticias.id_noticia:', [...], false)
 2 SYSTEMPATH\Model.php(385): CodeIgniter\Database\BaseBuilder->update()
 3 SYSTEMPATH\BaseModel.php(949): CodeIgniter\Model->doUpdate([...], [...])
 4 SYSTEMPATH\Model.php(776): CodeIgniter\BaseModel->update([...], [...])
 5 APPPATH\Controllers\ControladorNoticia.php(111): CodeIgniter\Model->update('3', [...])
 6 SYSTEMPATH\CodeIgniter.php(919): App\Controllers\ControladorNoticia->update('3')
 7 SYSTEMPATH\CodeIgniter.php(494): CodeIgniter\CodeIgniter->runController(Object(App\Controllers\ControladorNoticia))
 8 SYSTEMPATH\CodeIgniter.php(353): CodeIgniter\CodeIgniter->handleRequest(null, Object(Config\Cache), false)
 9 FCPATH\index.php(79): CodeIgniter\CodeIgniter->run()
10 SYSTEMPATH\Commands\Server\rewrite.php(47): require_once('C:\\Users\\hp\\Desktop\\PROYECTOS PHP\\api-noticias\\public\\index.php')
